{
  "RSpec": {
    "coverage": {
      "/Users/stevenolson/Turing/projects/rails_engine/app/helpers/application_helper.rb": [
        1,
        null
      ],
      "/Users/stevenolson/Turing/projects/rails_engine/app/controllers/api/v1/customers/customers_find_controller.rb": [
        1,
        1,
        null,
        1,
        2,
        2,
        2,
        2,
        2,
        null,
        null,
        null,
        null,
        null,
        null,
        null,
        null,
        null,
        null,
        null,
        null,
        null,
        null,
        null,
        null,
        1,
        4,
        4,
        4,
        4,
        4,
        null,
        null,
        null
      ],
      "/Users/stevenolson/Turing/projects/rails_engine/app/controllers/api/api_controller.rb": [
        1,
        1,
        1,
        null,
        null,
        null
      ],
      "/Users/stevenolson/Turing/projects/rails_engine/app/controllers/application_controller.rb": [
        1,
        null,
        1,
        1,
        1,
        null,
        null,
        null,
        1,
        null
      ],
      "/Users/stevenolson/Turing/projects/rails_engine/lib/application_responder.rb": [
        1,
        1,
        1,
        null,
        null,
        null,
        null,
        null
      ],
      "/Users/stevenolson/Turing/projects/rails_engine/app/controllers/api/v1/invoice_items/invoice_items_find_controller.rb": [
        1,
        1,
        null,
        1,
        2,
        2,
        2,
        2,
        2,
        2,
        2,
        null,
        null,
        1,
        4,
        4,
        4,
        4,
        4,
        4,
        4,
        null,
        null,
        null
      ],
      "/Users/stevenolson/Turing/projects/rails_engine/app/controllers/api/v1/invoices/invoices_find_controller.rb": [
        1,
        1,
        null,
        1,
        2,
        2,
        2,
        2,
        2,
        2,
        null,
        null,
        1,
        4,
        4,
        4,
        4,
        4,
        4,
        null,
        null,
        null
      ],
      "/Users/stevenolson/Turing/projects/rails_engine/app/controllers/api/v1/items/items_controller.rb": [
        1,
        1,
        null,
        1,
        1,
        null,
        null,
        1,
        1,
        null,
        null,
        null
      ],
      "/Users/stevenolson/Turing/projects/rails_engine/app/controllers/api/v1/items/items_find_controller.rb": [
        1,
        1,
        null,
        1,
        2,
        2,
        2,
        2,
        2,
        2,
        2,
        null,
        null,
        1,
        4,
        4,
        4,
        4,
        4,
        4,
        4,
        null,
        null,
        null
      ],
      "/Users/stevenolson/Turing/projects/rails_engine/app/controllers/api/v1/items/items_random_controller.rb": [
        1,
        1,
        null,
        1,
        1,
        null,
        null,
        null
      ],
      "/Users/stevenolson/Turing/projects/rails_engine/app/controllers/api/v1/merchants/merchants_controller.rb": [
        1,
        1,
        null,
        1,
        1,
        null,
        null,
        1,
        1,
        null,
        null,
        null
      ],
      "/Users/stevenolson/Turing/projects/rails_engine/app/controllers/api/v1/merchants/merchants_find_controller.rb": [
        1,
        1,
        null,
        1,
        2,
        2,
        2,
        2,
        null,
        null,
        1,
        4,
        4,
        4,
        4,
        null,
        null,
        null
      ],
      "/Users/stevenolson/Turing/projects/rails_engine/app/controllers/api/v1/merchants/merchants_random_controller.rb": [
        1,
        1,
        null,
        1,
        1,
        null,
        null,
        null
      ],
      "/Users/stevenolson/Turing/projects/rails_engine/app/models/customer.rb": [
        1,
        1,
        null,
        1,
        0,
        0,
        null,
        null
      ],
      "/Users/stevenolson/Turing/projects/rails_engine/app/models/invoice_item.rb": [
        1,
        1,
        1,
        null
      ],
      "/Users/stevenolson/Turing/projects/rails_engine/app/models/invoice.rb": [
        1,
        1,
        1,
        1,
        1,
        1,
        null,
        7,
        null,
        2,
        null,
        2,
        null,
        1,
        null,
        null
      ],
      "/Users/stevenolson/Turing/projects/rails_engine/app/models/item.rb": [
        1,
        1,
        1,
        1,
        null,
        1,
        0,
        null,
        null,
        0,
        0,
        null,
        null,
        1,
        0,
        0,
        null,
        0,
        null,
        null,
        1,
        0,
        0,
        null,
        0,
        null,
        null,
        1,
        0,
        null,
        null
      ],
      "/Users/stevenolson/Turing/projects/rails_engine/app/models/merchant.rb": [
        1,
        1,
        1,
        null,
        null,
        null,
        null,
        null,
        null,
        null,
        null,
        null,
        null,
        1,
        1,
        1,
        null,
        null,
        1,
        1,
        1,
        null,
        null,
        1,
        1,
        1,
        null,
        null,
        1,
        1,
        1,
        null,
        null,
        1,
        1,
        2,
        null,
        1,
        null,
        null,
        1,
        1,
        2,
        null,
        null,
        1,
        null,
        null,
        1,
        0,
        0,
        null,
        0,
        null,
        null,
        1,
        0,
        null,
        null,
        1,
        6,
        null,
        null,
        null
      ],
      "/Users/stevenolson/Turing/projects/rails_engine/app/models/transaction.rb": [
        1,
        1,
        null
      ]
    },
    "timestamp": 1456369803
  }
}
